<?xml version="1.0" encoding="utf-8" standalone="no"?>
<!--This file represents the results of running a test suite-->
<test-results name="Z:\Data\C#\XNA\Warlord\WarlordTests\bin\Debug\WarlordTests.dll" total="1" errors="0" failures="0" not-run="0" inconclusive="0" ignored="0" skipped="0" invalid="0" date="2012-02-09" time="07:59:39">
  <environment nunit-version="2.5.10.11092" clr-version="2.0.50727.4927" os-version="Microsoft Windows NT 6.1.7600.0" platform="Win32NT" cwd="Z:\Program Files (x86)\NUnit 2.5.10\bin\net-2.0" machine-name="LION-2011" user="Labouts" user-domain="Lion-2011" />
  <culture-info current-culture="en-US" current-uiculture="en-US" />
  <test-suite type="Assembly" name="Z:\Data\C#\XNA\Warlord\WarlordTests\bin\Debug\WarlordTests.dll" executed="True" result="Success" success="True" time="0.058" asserts="0">
    <results>
      <test-suite type="Namespace" name="WarlordTests" executed="True" result="Success" success="True" time="0.047" asserts="0">
        <results>
          <test-suite type="TestFixture" name="StatisticsTest" executed="True" result="Success" success="True" time="0.045" asserts="0">
            <results>
              <test-case name="WarlordTests.StatisticsTest.TestAdverage" executed="True" result="Success" success="True" time="0.031" asserts="1" />
            </results>
          </test-suite>
        </results>
      </test-suite>
    </results>
  </test-suite>
</test-results>