<?xml version="1.0" encoding="UTF-8"?>
<TestRun id="9afaeeda-9d77-465d-96e3-a147fcbef3b7" name="Labouts@LION-2011 2012-01-27 22:32:42" runUser="Lion-2011\Labouts" xmlns="http://microsoft.com/schemas/VisualStudio/TeamTest/2010">
  <TestSettings name="Local" id="0986ac97-03c6-40d0-bcbd-a36784bd35d9">
    <Description>These are default test settings for a local test run.</Description>
    <Deployment userDeploymentRoot="Z:\Data\C#\XNA\Warlord\TestResults" useDefaultDeploymentRoot="false" enabled="false" runDeploymentRoot="Labouts_LION-2011 2012-01-27 22_32_42">
      <DeploymentItem filename="Z:\Data\C#\XNA\Warlord\Warlord\Warlord\bin\x86\Debug\Warlord.exe" />
    </Deployment>
    <Execution>
      <TestTypeSpecific />
      <AgentRule name="Execution Agents">
      </AgentRule>
    </Execution>
  </TestSettings>
  <Times creation="2012-01-27T22:32:42.6758272-08:00" queuing="2012-01-27T22:32:42.7928339-08:00" start="2012-01-27T22:32:42.8208355-08:00" finish="2012-01-27T22:32:43.1168524-08:00" />
  <ResultSummary outcome="Completed">
    <Counters total="1" executed="1" passed="1" error="0" failed="0" timeout="0" aborted="0" inconclusive="0" passedButRunAborted="0" notRunnable="0" notExecuted="0" disconnected="0" warning="0" completed="0" inProgress="0" pending="0" />
  </ResultSummary>
  <TestDefinitions>
    <UnitTest name="GetAndRemoveTest" storage="z:\data\c#\xna\warlord\warlordunittest\bin\debug\warlordunittest.dll" id="eb643b59-127a-4d30-f789-e91b4c5ab446">
      <Execution id="c8385746-1051-4475-8ee3-7337efda26bc" />
      <TestMethod codeBase="Z:/Data/C#/XNA/Warlord/WarlordUnitTest/bin/Debug/WarlordUnitTest.DLL" adapterTypeName="Microsoft.VisualStudio.TestTools.TestTypes.Unit.UnitTestAdapter, Microsoft.VisualStudio.QualityTools.Tips.UnitTest.Adapter, Version=10.0.0.0, Culture=neutral, PublicKeyToken=b03f5f7f11d50a3a" className="WarlordUnitTest.MultipriorityQueueTest, WarlordUnitTest, Version=1.0.0.0, Culture=neutral, PublicKeyToken=null" name="GetAndRemoveTest" />
    </UnitTest>
  </TestDefinitions>
  <TestLists>
    <TestList name="Results Not in a List" id="8c84fa94-04c1-424b-9868-57a2d4851a1d" />
    <TestList name="All Loaded Results" id="19431567-8539-422a-85d7-44ee4e166bda" />
  </TestLists>
  <TestEntries>
    <TestEntry testId="eb643b59-127a-4d30-f789-e91b4c5ab446" executionId="c8385746-1051-4475-8ee3-7337efda26bc" testListId="8c84fa94-04c1-424b-9868-57a2d4851a1d" />
  </TestEntries>
  <Results>
    <UnitTestResult executionId="c8385746-1051-4475-8ee3-7337efda26bc" testId="eb643b59-127a-4d30-f789-e91b4c5ab446" testName="GetAndRemoveTest" computerName="LION-2011" duration="00:00:00.0177118" startTime="2012-01-27T22:32:42.8268358-08:00" endTime="2012-01-27T22:32:43.0598492-08:00" testType="13cdc9d9-ddb5-4fa4-a97d-d965ccfc6d4b" outcome="Passed" testListId="8c84fa94-04c1-424b-9868-57a2d4851a1d" relativeResultsDirectory="c8385746-1051-4475-8ee3-7337efda26bc">
    </UnitTestResult>
  </Results>
</TestRun>