<?xml version="1.0" encoding="UTF-8"?>
<TestRun id="58803d1e-2f2d-4386-9803-e9edc2ad3b18" name="Labouts@LION-2011 2012-01-27 22:27:44" runUser="Lion-2011\Labouts" xmlns="http://microsoft.com/schemas/VisualStudio/TeamTest/2010">
  <TestSettings name="Local" id="0986ac97-03c6-40d0-bcbd-a36784bd35d9">
    <Description>These are default test settings for a local test run.</Description>
    <Deployment enabled="false" runDeploymentRoot="Labouts_LION-2011 2012-01-27 22_27_44">
      <DeploymentItem filename="Z:\Data\C#\XNA\Warlord\Warlord\Warlord\bin\x86\Debug\Warlord.exe" />
    </Deployment>
    <Execution>
      <TestTypeSpecific />
      <AgentRule name="Execution Agents">
      </AgentRule>
    </Execution>
  </TestSettings>
  <Times creation="2012-01-27T22:27:44.8037899-08:00" queuing="2012-01-27T22:27:46.0108589-08:00" start="2012-01-27T22:27:46.0688622-08:00" finish="2012-01-27T22:27:46.7739026-08:00" />
  <ResultSummary outcome="Failed">
    <Counters total="2" executed="2" passed="1" error="0" failed="1" timeout="0" aborted="0" inconclusive="0" passedButRunAborted="0" notRunnable="0" notExecuted="0" disconnected="0" warning="0" completed="0" inProgress="0" pending="0" />
  </ResultSummary>
  <TestDefinitions>
    <UnitTest name="AddTest" storage="z:\data\c#\xna\warlord\warlordunittest\bin\debug\warlordunittest.dll" id="bf5428d9-601d-47f3-ada7-274e12dfab78">
      <Execution id="a1448589-129a-4593-b9c6-f4c4951e4323" />
      <TestMethod codeBase="Z:/Data/C#/XNA/Warlord/WarlordUnitTest/bin/Debug/WarlordUnitTest.DLL" adapterTypeName="Microsoft.VisualStudio.TestTools.TestTypes.Unit.UnitTestAdapter, Microsoft.VisualStudio.QualityTools.Tips.UnitTest.Adapter, Version=10.0.0.0, Culture=neutral, PublicKeyToken=b03f5f7f11d50a3a" className="WarlordUnitTest.MultipriorityQueueTest, WarlordUnitTest, Version=1.0.0.0, Culture=neutral, PublicKeyToken=null" name="AddTest" />
    </UnitTest>
    <UnitTest name="GetAndRemoveTest" storage="z:\data\c#\xna\warlord\warlordunittest\bin\debug\warlordunittest.dll" id="eb643b59-127a-4d30-f789-e91b4c5ab446">
      <Execution id="15709193-92d2-4d85-a9cc-868432ad6545" />
      <TestMethod codeBase="Z:/Data/C#/XNA/Warlord/WarlordUnitTest/bin/Debug/WarlordUnitTest.DLL" adapterTypeName="Microsoft.VisualStudio.TestTools.TestTypes.Unit.UnitTestAdapter, Microsoft.VisualStudio.QualityTools.Tips.UnitTest.Adapter, Version=10.0.0.0, Culture=neutral, PublicKeyToken=b03f5f7f11d50a3a" className="WarlordUnitTest.MultipriorityQueueTest, WarlordUnitTest, Version=1.0.0.0, Culture=neutral, PublicKeyToken=null" name="GetAndRemoveTest" />
    </UnitTest>
  </TestDefinitions>
  <TestLists>
    <TestList name="Results Not in a List" id="8c84fa94-04c1-424b-9868-57a2d4851a1d" />
    <TestList name="All Loaded Results" id="19431567-8539-422a-85d7-44ee4e166bda" />
  </TestLists>
  <TestEntries>
    <TestEntry testId="bf5428d9-601d-47f3-ada7-274e12dfab78" executionId="a1448589-129a-4593-b9c6-f4c4951e4323" testListId="8c84fa94-04c1-424b-9868-57a2d4851a1d" />
    <TestEntry testId="eb643b59-127a-4d30-f789-e91b4c5ab446" executionId="15709193-92d2-4d85-a9cc-868432ad6545" testListId="8c84fa94-04c1-424b-9868-57a2d4851a1d" />
  </TestEntries>
  <Results>
    <UnitTestResult executionId="a1448589-129a-4593-b9c6-f4c4951e4323" testId="bf5428d9-601d-47f3-ada7-274e12dfab78" testName="AddTest" computerName="LION-2011" duration="00:00:00.0208517" startTime="2012-01-27T22:27:46.0958638-08:00" endTime="2012-01-27T22:27:46.6568959-08:00" testType="13cdc9d9-ddb5-4fa4-a97d-d965ccfc6d4b" outcome="Passed" testListId="8c84fa94-04c1-424b-9868-57a2d4851a1d" relativeResultsDirectory="a1448589-129a-4593-b9c6-f4c4951e4323">
    </UnitTestResult>
    <UnitTestResult executionId="15709193-92d2-4d85-a9cc-868432ad6545" testId="eb643b59-127a-4d30-f789-e91b4c5ab446" testName="GetAndRemoveTest" computerName="LION-2011" duration="00:00:00.0430191" startTime="2012-01-27T22:27:46.6648963-08:00" endTime="2012-01-27T22:27:46.7339003-08:00" testType="13cdc9d9-ddb5-4fa4-a97d-d965ccfc6d4b" outcome="Failed" testListId="8c84fa94-04c1-424b-9868-57a2d4851a1d" relativeResultsDirectory="15709193-92d2-4d85-a9cc-868432ad6545">
      <Output>
        <ErrorInfo>
          <Message>Test method WarlordUnitTest.MultipriorityQueueTest.GetAndRemoveTest threw exception: 
System.InvalidCastException: Unable to cast object of type 'System.Collections.Generic.List`1[System.Collections.Generic.KeyValuePair`2[System.Int32,Warlord.Event.Event]]' to type 'System.Collections.Generic.List`1[System.Collections.Generic.KeyValuePair`2[Microsoft.VisualStudio.TestTools.UnitTesting.GenericParameterHelper,Microsoft.VisualStudio.TestTools.UnitTesting.GenericParameterHelper]]'.</Message>
          <StackTrace>    at WarlordUnitTest.MultipriorityQueueTest.GetAndRemoveTestHelper[value,data]() in Z:\Data\C#\XNA\Warlord\WarlordUnitTest\MultipriorityQueueTest.cs:line 121
   at WarlordUnitTest.MultipriorityQueueTest.GetAndRemoveTest() in Z:\Data\C#\XNA\Warlord\WarlordUnitTest\MultipriorityQueueTest.cs:line 130
</StackTrace>
        </ErrorInfo>
      </Output>
    </UnitTestResult>
  </Results>
</TestRun>