<?xml version="1.0" encoding="UTF-8"?>
<TestRun id="3b2bd277-a07f-4599-b7a5-48a01eba87e1" name="Labouts@LION-2011 2012-01-27 22:40:05" runUser="Lion-2011\Labouts" xmlns="http://microsoft.com/schemas/VisualStudio/TeamTest/2010">
  <TestSettings name="Local" id="0986ac97-03c6-40d0-bcbd-a36784bd35d9">
    <Description>These are default test settings for a local test run.</Description>
    <Deployment enabled="false" runDeploymentRoot="Labouts_LION-2011 2012-01-27 22_40_05">
      <DeploymentItem filename="Z:\Data\C#\XNA\Warlord\Warlord\Warlord\bin\x86\Debug\Warlord.exe" />
    </Deployment>
    <Execution>
      <TestTypeSpecific />
      <AgentRule name="Execution Agents">
      </AgentRule>
    </Execution>
  </TestSettings>
  <Times creation="2012-01-27T22:40:05.5831600-08:00" queuing="2012-01-27T22:40:06.7312257-08:00" start="2012-01-27T22:40:06.7882290-08:00" finish="2012-01-27T22:40:07.4752683-08:00" />
  <ResultSummary outcome="Failed">
    <Counters total="2" executed="2" passed="1" error="0" failed="1" timeout="0" aborted="0" inconclusive="0" passedButRunAborted="0" notRunnable="0" notExecuted="0" disconnected="0" warning="0" completed="0" inProgress="0" pending="0" />
  </ResultSummary>
  <TestDefinitions>
    <UnitTest name="AddTest" storage="z:\data\c#\xna\warlord\warlordunittest\bin\debug\warlordunittest.dll" id="bf5428d9-601d-47f3-ada7-274e12dfab78">
      <Execution id="57dd215f-ca5b-49cb-bf53-c421dc9afd46" />
      <TestMethod codeBase="Z:/Data/C#/XNA/Warlord/WarlordUnitTest/bin/Debug/WarlordUnitTest.DLL" adapterTypeName="Microsoft.VisualStudio.TestTools.TestTypes.Unit.UnitTestAdapter, Microsoft.VisualStudio.QualityTools.Tips.UnitTest.Adapter, Version=10.0.0.0, Culture=neutral, PublicKeyToken=b03f5f7f11d50a3a" className="WarlordUnitTest.MultipriorityQueueTest, WarlordUnitTest, Version=1.0.0.0, Culture=neutral, PublicKeyToken=null" name="AddTest" />
    </UnitTest>
    <UnitTest name="GetAndRemoveTest" storage="z:\data\c#\xna\warlord\warlordunittest\bin\debug\warlordunittest.dll" id="eb643b59-127a-4d30-f789-e91b4c5ab446">
      <Execution id="6c99ef94-bb4f-4621-90f8-d80f37918e2a" />
      <TestMethod codeBase="Z:/Data/C#/XNA/Warlord/WarlordUnitTest/bin/Debug/WarlordUnitTest.DLL" adapterTypeName="Microsoft.VisualStudio.TestTools.TestTypes.Unit.UnitTestAdapter, Microsoft.VisualStudio.QualityTools.Tips.UnitTest.Adapter, Version=10.0.0.0, Culture=neutral, PublicKeyToken=b03f5f7f11d50a3a" className="WarlordUnitTest.MultipriorityQueueTest, WarlordUnitTest, Version=1.0.0.0, Culture=neutral, PublicKeyToken=null" name="GetAndRemoveTest" />
    </UnitTest>
  </TestDefinitions>
  <TestLists>
    <TestList name="Results Not in a List" id="8c84fa94-04c1-424b-9868-57a2d4851a1d" />
    <TestList name="All Loaded Results" id="19431567-8539-422a-85d7-44ee4e166bda" />
  </TestLists>
  <TestEntries>
    <TestEntry testId="bf5428d9-601d-47f3-ada7-274e12dfab78" executionId="57dd215f-ca5b-49cb-bf53-c421dc9afd46" testListId="8c84fa94-04c1-424b-9868-57a2d4851a1d" />
    <TestEntry testId="eb643b59-127a-4d30-f789-e91b4c5ab446" executionId="6c99ef94-bb4f-4621-90f8-d80f37918e2a" testListId="8c84fa94-04c1-424b-9868-57a2d4851a1d" />
  </TestEntries>
  <Results>
    <UnitTestResult executionId="57dd215f-ca5b-49cb-bf53-c421dc9afd46" testId="bf5428d9-601d-47f3-ada7-274e12dfab78" testName="AddTest" computerName="LION-2011" duration="00:00:00.0207873" startTime="2012-01-27T22:40:06.8142305-08:00" endTime="2012-01-27T22:40:07.3782627-08:00" testType="13cdc9d9-ddb5-4fa4-a97d-d965ccfc6d4b" outcome="Passed" testListId="8c84fa94-04c1-424b-9868-57a2d4851a1d" relativeResultsDirectory="57dd215f-ca5b-49cb-bf53-c421dc9afd46">
    </UnitTestResult>
    <UnitTestResult executionId="6c99ef94-bb4f-4621-90f8-d80f37918e2a" testId="eb643b59-127a-4d30-f789-e91b4c5ab446" testName="GetAndRemoveTest" computerName="LION-2011" duration="00:00:00.0433273" startTime="2012-01-27T22:40:07.3902634-08:00" endTime="2012-01-27T22:40:07.4402663-08:00" testType="13cdc9d9-ddb5-4fa4-a97d-d965ccfc6d4b" outcome="Failed" testListId="8c84fa94-04c1-424b-9868-57a2d4851a1d" relativeResultsDirectory="6c99ef94-bb4f-4621-90f8-d80f37918e2a">
      <Output>
        <ErrorInfo>
          <Message>Assert.Fail failed. Assert.Equals should not be used for Assertions. Please use Assert.AreEqual &amp; overloads instead.</Message>
          <StackTrace>   at WarlordUnitTest.MultipriorityQueueTest.GetAndRemoveTestHelper[value,data]() in Z:\Data\C#\XNA\Warlord\WarlordUnitTest\MultipriorityQueueTest.cs:line 120
   at WarlordUnitTest.MultipriorityQueueTest.GetAndRemoveTest() in Z:\Data\C#\XNA\Warlord\WarlordUnitTest\MultipriorityQueueTest.cs:line 126
</StackTrace>
        </ErrorInfo>
      </Output>
    </UnitTestResult>
  </Results>
</TestRun>